<?xml version="1.0" encoding="UTF-8"?>
<testsuite name="TestSuite" time="20.847" tests="5" errors="0" skipped="4" failures="1">
  <properties>
[...]
</properties>
  <testcase name="RunAppium" classname="com.beecow.mobile.Cupid.CupidTest" time="20.847">
    <failure message="The local appium server has not been started. The given Node.js executable: C:\Program Files\nodejs\node.exe Arguments: [C:\Users\Hoang Nguyen\AppData\Roaming\npm\node_modules\appium\build\lib\main.js, --port, 4723, --address, 127.0.0.1, --log, D:\Appium.log] &#10;" type="io.appium.java_client.service.local.AppiumServerHasNotBeenStartedLocallyException">io.appium.java_client.service.local.AppiumServerHasNotBeenStartedLocallyException: The local appium server has not been started. The given Node.js executable: C:\Program Files\nodejs\node.exe Arguments: [C:\Users\Hoang Nguyen\AppData\Roaming\npm\node_modules\appium\build\lib\main.js, --port, 4723, --address, 127.0.0.1, --log, D:\Appium.log] 

	at java.util.concurrent.FutureTask.get(FutureTask.java:205)
	at com.google.common.util.concurrent.SimpleTimeLimiter.callWithTimeout(SimpleTimeLimiter.java:128)
	at org.openqa.selenium.net.UrlChecker.waitUntilAvailable(UrlChecker.java:80)
	at io.appium.java_client.service.local.AppiumDriverLocalService.ping(AppiumDriverLocalService.java:113)
	at io.appium.java_client.service.local.AppiumDriverLocalService.start(AppiumDriverLocalService.java:136)
	at com.beecow.mobile.Cupid.CupidTest.RunAppium(CupidTest.java:44)
</failure>
    <system-out><![CDATA[...
... TestNG 6.9.12 by Cédric Beust (cedric@beust.com)
...

Appium is starting
]]></system-out>
  </testcase>
  <testcase name="setUp" classname="com.beecow.mobile.Cupid.CupidTest" time="0">
    <skipped/>
  </testcase>
  <testcase name="Up" classname="com.beecow.mobile.Cupid.CupidTest" time="0">
    <skipped/>
  </testcase>
  <testcase name="DAT_1" classname="com.beecow.mobile.Cupid.CupidTest" time="0">
    <skipped/>
  </testcase>
  <testcase name="Stop" classname="com.beecow.mobile.Cupid.CupidTest" time="0">
    <skipped/>
  </testcase>
</testsuite>