<?xml version="1.0" encoding="UTF-8"?>
<testng-results skipped="0" failed="1" total="3" passed="2">
  <reporter-output>
    <line>
      <![CDATA[Captured a screenshot to: src\report\screenShot\LoginPage\Android\Login_passed\TC-4_2016_12_29_09_41_26.png</br>]]>
    </line>
    <line>
      <![CDATA[Captured a screenshot to: src\report\screenShot\LoginPage\Android\Login_failed\TC-5_2016_12_29_09_42_46.png</br>]]>
    </line>
    <line>
      <![CDATA[Captured a screenshot to: src\report\screenShot\LoginPage\Android\Login_passed\TC-6_2016_12_29_09_44_11.png</br>]]>
    </line>
  </reporter-output>
  <suite name="Test Suite Demo" duration-ms="358933" started-at="2016-12-29T02:38:36Z" finished-at="2016-12-29T02:44:35Z">
    <groups>
    </groups>
    <test name="The Internet Site Demo" duration-ms="358933" started-at="2016-12-29T02:38:36Z" finished-at="2016-12-29T02:44:35Z">
      <class name="testSuites.LoginPage">
        <test-method status="PASS" signature="setUp()[pri:0, instance:testSuites.LoginPage@23ceabc1]" name="setUp" is-config="true" duration-ms="122835" started-at="2016-12-29T09:38:36Z" finished-at="2016-12-29T09:40:39Z">
          <reporter-output>
          </reporter-output>
        </test-method> <!-- setUp -->
        <test-method status="PASS" signature="testAndroid1()[pri:0, instance:testSuites.LoginPage@23ceabc1]" name="testAndroid1" duration-ms="46956" started-at="2016-12-29T09:40:39Z" finished-at="2016-12-29T09:41:26Z">
          <reporter-output>
          </reporter-output>
        </test-method> <!-- testAndroid1 -->
        <test-method status="PASS" signature="afterMethod()[pri:0, instance:testSuites.LoginPage@23ceabc1]" name="afterMethod" is-config="true" duration-ms="32167" started-at="2016-12-29T09:41:26Z" finished-at="2016-12-29T09:41:58Z">
          <reporter-output>
            <line>
              <![CDATA[Captured a screenshot to: src\report\screenShot\LoginPage\Android\Login_passed\TC-4_2016_12_29_09_41_26.png</br>]]>
            </line>
          </reporter-output>
        </test-method> <!-- afterMethod -->
        <test-method status="PASS" signature="tearDown()[pri:0, instance:testSuites.LoginPage@23ceabc1]" name="tearDown" is-config="true" duration-ms="1" started-at="2016-12-29T09:41:58Z" finished-at="2016-12-29T09:41:58Z">
          <reporter-output>
          </reporter-output>
        </test-method> <!-- tearDown -->
        <test-method status="PASS" signature="setUp()[pri:0, instance:testSuites.LoginPage@23ceabc1]" name="setUp" is-config="true" duration-ms="47946" started-at="2016-12-29T09:41:58Z" finished-at="2016-12-29T09:42:46Z">
          <reporter-output>
          </reporter-output>
        </test-method> <!-- setUp -->
        <test-method status="PASS" signature="testAndroid2()[pri:0, instance:testSuites.LoginPage@23ceabc1]" name="testAndroid2" duration-ms="2" started-at="2016-12-29T09:42:46Z" finished-at="2016-12-29T09:42:46Z">
          <reporter-output>
          </reporter-output>
        </test-method> <!-- testAndroid2 -->
        <test-method status="PASS" signature="afterMethod()[pri:0, instance:testSuites.LoginPage@23ceabc1]" name="afterMethod" is-config="true" duration-ms="20992" started-at="2016-12-29T09:42:46Z" finished-at="2016-12-29T09:43:07Z">
          <reporter-output>
            <line>
              <![CDATA[Captured a screenshot to: src\report\screenShot\LoginPage\Android\Login_failed\TC-5_2016_12_29_09_42_46.png</br>]]>
            </line>
          </reporter-output>
        </test-method> <!-- afterMethod -->
        <test-method status="PASS" signature="tearDown()[pri:0, instance:testSuites.LoginPage@23ceabc1]" name="tearDown" is-config="true" duration-ms="1" started-at="2016-12-29T09:43:07Z" finished-at="2016-12-29T09:43:07Z">
          <reporter-output>
          </reporter-output>
        </test-method> <!-- tearDown -->
        <test-method status="PASS" signature="setUp()[pri:0, instance:testSuites.LoginPage@23ceabc1]" name="setUp" is-config="true" duration-ms="48652" started-at="2016-12-29T09:43:07Z" finished-at="2016-12-29T09:43:56Z">
          <reporter-output>
          </reporter-output>
        </test-method> <!-- setUp -->
        <test-method status="FAIL" signature="testAndroid3()[pri:0, instance:testSuites.LoginPage@23ceabc1]" name="testAndroid3" duration-ms="15491" started-at="2016-12-29T09:43:56Z" finished-at="2016-12-29T09:44:11Z">
          <exception class="org.openqa.selenium.NoSuchElementException">
            <message>
              <![CDATA[An element could not be located on the page using the given search parameters. (WARNING: The server did not provide any stacktrace information)
Command duration or timeout: 15.42 seconds
For documentation on this error, please visit: http://seleniumhq.org/exceptions/no_such_element.html
Build info: version: '2.46.0', revision: '61506a4624b13675f24581e453592342b7485d71', time: '2015-06-04 10:22:50'
System info: host: 'DESKTOP-C7PVSGK', ip: '192.168.1.85', os.name: 'Windows 10', os.arch: 'amd64', os.version: '10.0', java.version: '1.8.0_111'
Driver info: io.appium.java_client.android.AndroidDriver
Capabilities [{app=E:\Company\automationTest\project_Appium\BeeCowProjectMobile\FoodyVN.apk, appPackage=com.foody.vn.activity.demo, networkConnectionEnabled=true, warnings={}, databaseEnabled=false, deviceName=emulator-5554, platform=LINUX, desired={app=E:\Company\automationTest\project_Appium\BeeCowProjectMobile\FoodyVN.apk, appPackage=com.foody.vn.activity.demo, platformVersion=4.4.2, platformName=Android, deviceName=ASUS_T00N}, platformVersion=4.4.2, webStorageEnabled=false, locationContextEnabled=false, browserName=Android, takesScreenshot=true, javascriptEnabled=true, platformName=Android}]
Session ID: cf30a594-d4fa-464f-a068-9e4980c51862
*** Element info: {Using=id, value=com.foody.vn.activity.demo:id/btnDone}]]>
            </message>
            <full-stacktrace>
              <![CDATA[org.openqa.selenium.NoSuchElementException: An element could not be located on the page using the given search parameters. (WARNING: The server did not provide any stacktrace information)
Command duration or timeout: 15.42 seconds
For documentation on this error, please visit: http://seleniumhq.org/exceptions/no_such_element.html
Build info: version: '2.46.0', revision: '61506a4624b13675f24581e453592342b7485d71', time: '2015-06-04 10:22:50'
System info: host: 'DESKTOP-C7PVSGK', ip: '192.168.1.85', os.name: 'Windows 10', os.arch: 'amd64', os.version: '10.0', java.version: '1.8.0_111'
Driver info: io.appium.java_client.android.AndroidDriver
Capabilities [{app=E:\Company\automationTest\project_Appium\BeeCowProjectMobile\FoodyVN.apk, appPackage=com.foody.vn.activity.demo, networkConnectionEnabled=true, warnings={}, databaseEnabled=false, deviceName=emulator-5554, platform=LINUX, desired={app=E:\Company\automationTest\project_Appium\BeeCowProjectMobile\FoodyVN.apk, appPackage=com.foody.vn.activity.demo, platformVersion=4.4.2, platformName=Android, deviceName=ASUS_T00N}, platformVersion=4.4.2, webStorageEnabled=false, locationContextEnabled=false, browserName=Android, takesScreenshot=true, javascriptEnabled=true, platformName=Android}]
Session ID: cf30a594-d4fa-464f-a068-9e4980c51862
*** Element info: {Using=id, value=com.foody.vn.activity.demo:id/btnDone}
	at sun.reflect.NativeConstructorAccessorImpl.newInstance0(Native Method)
	at sun.reflect.NativeConstructorAccessorImpl.newInstance(NativeConstructorAccessorImpl.java:62)
	at sun.reflect.DelegatingConstructorAccessorImpl.newInstance(DelegatingConstructorAccessorImpl.java:45)
	at java.lang.reflect.Constructor.newInstance(Constructor.java:423)
	at org.openqa.selenium.remote.ErrorHandler.createThrowable(ErrorHandler.java:204)
	at org.openqa.selenium.remote.ErrorHandler.throwIfResponseFailed(ErrorHandler.java:156)
	at org.openqa.selenium.remote.RemoteWebDriver.execute(RemoteWebDriver.java:605)
	at io.appium.java_client.DefaultGenericMobileDriver.execute(DefaultGenericMobileDriver.java:42)
	at io.appium.java_client.AppiumDriver.execute(AppiumDriver.java:1)
	at io.appium.java_client.android.AndroidDriver.execute(AndroidDriver.java:1)
	at org.openqa.selenium.remote.RemoteWebDriver.findElement(RemoteWebDriver.java:358)
	at org.openqa.selenium.remote.RemoteWebDriver.findElementById(RemoteWebDriver.java:399)
	at io.appium.java_client.DefaultGenericMobileDriver.findElementById(DefaultGenericMobileDriver.java:62)
	at io.appium.java_client.AppiumDriver.findElementById(AppiumDriver.java:1)
	at io.appium.java_client.android.AndroidDriver.findElementById(AndroidDriver.java:1)
	at org.openqa.selenium.By$ById.findElement(By.java:215)
	at org.openqa.selenium.remote.RemoteWebDriver.findElement(RemoteWebDriver.java:350)
	at io.appium.java_client.DefaultGenericMobileDriver.findElement(DefaultGenericMobileDriver.java:52)
	at io.appium.java_client.AppiumDriver.findElement(AppiumDriver.java:1)
	at io.appium.java_client.android.AndroidDriver.findElement(AndroidDriver.java:1)
	at support.Helper.findElement(Helper.java:106)
	at screenObjects.LoginScreen.clickNextButton(LoginScreen.java:96)
	at testSuites.LoginPage.testAndroid3(LoginPage.java:47)
	at sun.reflect.NativeMethodAccessorImpl.invoke0(Native Method)
	at sun.reflect.NativeMethodAccessorImpl.invoke(NativeMethodAccessorImpl.java:62)
	at sun.reflect.DelegatingMethodAccessorImpl.invoke(DelegatingMethodAccessorImpl.java:43)
	at java.lang.reflect.Method.invoke(Method.java:498)
	at org.testng.internal.MethodInvocationHelper.invokeMethod(MethodInvocationHelper.java:84)
	at org.testng.internal.Invoker.invokeMethod(Invoker.java:714)
	at org.testng.internal.Invoker.invokeTestMethod(Invoker.java:901)
	at org.testng.internal.Invoker.invokeTestMethods(Invoker.java:1231)
	at org.testng.internal.TestMethodWorker.invokeTestMethods(TestMethodWorker.java:127)
	at org.testng.internal.TestMethodWorker.run(TestMethodWorker.java:111)
	at org.testng.TestRunner.privateRun(TestRunner.java:767)
	at org.testng.TestRunner.run(TestRunner.java:617)
	at org.testng.SuiteRunner.runTest(SuiteRunner.java:334)
	at org.testng.SuiteRunner.runSequentially(SuiteRunner.java:329)
	at org.testng.SuiteRunner.privateRun(SuiteRunner.java:291)
	at org.testng.SuiteRunner.run(SuiteRunner.java:240)
	at org.testng.SuiteRunnerWorker.runSuite(SuiteRunnerWorker.java:52)
	at org.testng.SuiteRunnerWorker.run(SuiteRunnerWorker.java:86)
	at org.testng.TestNG.runSuitesSequentially(TestNG.java:1224)
	at org.testng.TestNG.runSuitesLocally(TestNG.java:1149)
	at org.testng.TestNG.run(TestNG.java:1057)
	at org.apache.maven.surefire.testng.TestNGExecutor.run(TestNGExecutor.java:295)
	at org.apache.maven.surefire.testng.TestNGXmlTestSuite.execute(TestNGXmlTestSuite.java:84)
	at org.apache.maven.surefire.testng.TestNGProvider.invoke(TestNGProvider.java:90)
	at org.apache.maven.surefire.booter.ForkedBooter.invokeProviderInSameClassLoader(ForkedBooter.java:203)
	at org.apache.maven.surefire.booter.ForkedBooter.runSuitesInProcess(ForkedBooter.java:155)
	at org.apache.maven.surefire.booter.ForkedBooter.main(ForkedBooter.java:103)
]]>
            </full-stacktrace>
          </exception> <!-- org.openqa.selenium.NoSuchElementException -->
          <reporter-output>
          </reporter-output>
        </test-method> <!-- testAndroid3 -->
        <test-method status="PASS" signature="afterMethod()[pri:0, instance:testSuites.LoginPage@23ceabc1]" name="afterMethod" is-config="true" duration-ms="23840" started-at="2016-12-29T09:44:11Z" finished-at="2016-12-29T09:44:35Z">
          <reporter-output>
            <line>
              <![CDATA[Captured a screenshot to: src\report\screenShot\LoginPage\Android\Login_passed\TC-6_2016_12_29_09_44_11.png</br>]]>
            </line>
          </reporter-output>
        </test-method> <!-- afterMethod -->
        <test-method status="PASS" signature="tearDown()[pri:0, instance:testSuites.LoginPage@23ceabc1]" name="tearDown" is-config="true" duration-ms="0" started-at="2016-12-29T09:44:35Z" finished-at="2016-12-29T09:44:35Z">
          <reporter-output>
          </reporter-output>
        </test-method> <!-- tearDown -->
      </class> <!-- testSuites.LoginPage -->
    </test> <!-- The Internet Site Demo -->
  </suite> <!-- Test Suite Demo -->
</testng-results>
